[    0.000000] Initializing cgroup subsys cpuset
[    0.000000] Initializing cgroup subsys cpu
[    0.000000] Initializing cgroup subsys cpuacct
[    0.000000] Linux version 4.4.0-157-generic (buildd@lgw01-amd64-037) (gcc version 5.4.0 20160609 (Ubuntu 5.4.0-6ubuntu1~16.04.10) ) #185-Ubuntu SMP Tue Jul 23 09:17:01 UTC 2019 (Ubuntu 4.4.0-157.185-generic 4.4.181)
[    0.000000] Command line: BOOT_IMAGE=/boot/vmlinuz-4.4.0-157-generic root=LABEL=cloudimg-rootfs ro console=tty1 console=ttyS0
[    0.000000] KERNEL supported cpus:
[    0.000000]   Intel GenuineIntel
[    0.000000]   AMD AuthenticAMD
[    0.000000]   Centaur CentaurHauls
[    0.000000] x86/fpu: xstate_offset[2]:  576, xstate_sizes[2]:  256
[    0.000000] x86/fpu: Supporting XSAVE feature 0x01: 'x87 floating point registers'
[    0.000000] x86/fpu: Supporting XSAVE feature 0x02: 'SSE registers'
[    0.000000] x86/fpu: Supporting XSAVE feature 0x04: 'AVX registers'
[    0.000000] x86/fpu: Enabled xstate features 0x7, context size is 832 bytes, using 'standard' format.
[    0.000000] e820: BIOS-provided physical RAM map:
[    0.000000] BIOS-e820: [mem 0x0000000000000000-0x000000000009fbff] usable
[    0.000000] BIOS-e820: [mem 0x000000000009fc00-0x000000000009ffff] reserved
[    0.000000] BIOS-e820: [mem 0x00000000000f0000-0x00000000000fffff] reserved
[    0.000000] BIOS-e820: [mem 0x0000000000100000-0x000000003ffeffff] usable
[    0.000000] BIOS-e820: [mem 0x000000003fff0000-0x000000003fffffff] ACPI data
[    0.000000] BIOS-e820: [mem 0x00000000fec00000-0x00000000fec00fff] reserved
[    0.000000] BIOS-e820: [mem 0x00000000fee00000-0x00000000fee00fff] reserved
[    0.000000] BIOS-e820: [mem 0x00000000fffc0000-0x00000000ffffffff] reserved
[    0.000000] NX (Execute Disable) protection: active
[    0.000000] SMBIOS 2.5 present.
[    0.000000] Hypervisor detected: KVM
[    0.000000] Kernel/User page tables isolation: disabled
[    0.000000] e820: last_pfn = 0x3fff0 max_arch_pfn = 0x400000000
[    0.000000] MTRR: Disabled
[    0.000000] x86/PAT: MTRRs disabled, skipping PAT initialization too.
[    0.000000] CPU MTRRs all blank - virtualized system.
[    0.000000] x86/PAT: Configuration [0-7]: WB  WT  UC- UC  WB  WT  UC- UC  
[    0.000000] found SMP MP-table at [mem 0x0009fff0-0x0009ffff] mapped at [ffff88000009fff0]
[    0.000000] Scanning 1 areas for low memory corruption
[    0.000000] RAMDISK: [mem 0x362fc000-0x37175fff]
[    0.000000] ACPI: Early table checksum verification disabled
[    0.000000] ACPI: RSDP 0x00000000000E0000 000024 (v02 VBOX  )
[    0.000000] ACPI: XSDT 0x000000003FFF0030 00003C (v01 VBOX   VBOXXSDT 00000001 ASL  00000061)
[    0.000000] ACPI: FACP 0x000000003FFF00F0 0000F4 (v04 VBOX   VBOXFACP 00000001 ASL  00000061)
[    0.000000] ACPI: DSDT 0x000000003FFF0470 0022EA (v02 VBOX   VBOXBIOS 00000002 INTL 20100528)
[    0.000000] ACPI: FACS 0x000000003FFF0200 000040
[    0.000000] ACPI: FACS 0x000000003FFF0200 000040
[    0.000000] ACPI: APIC 0x000000003FFF0240 00005C (v02 VBOX   VBOXAPIC 00000001 ASL  00000061)
[    0.000000] ACPI: SSDT 0x000000003FFF02A0 0001CC (v01 VBOX   VBOXCPUT 00000002 INTL 20100528)
[    0.000000] No NUMA configuration found
[    0.000000] Faking a node at [mem 0x0000000000000000-0x000000003ffeffff]
[    0.000000] NODE_DATA(0) allocated [mem 0x3ffeb000-0x3ffeffff]
[    0.000000] kvm-clock: Using msrs 4b564d01 and 4b564d00
[    0.000000] kvm-clock: cpu 0, msr 0:3ffe3001, primary cpu clock
[    0.000000] kvm-clock: using sched offset of 3272733123 cycles
[    0.000000] clocksource: kvm-clock: mask: 0xffffffffffffffff max_cycles: 0x1cd42e4dffb, max_idle_ns: 881590591483 ns
[    0.000000] Zone ranges:
[    0.000000]   DMA      [mem 0x0000000000001000-0x0000000000ffffff]
[    0.000000]   DMA32    [mem 0x0000000001000000-0x000000003ffeffff]
[    0.000000]   Normal   empty
[    0.000000]   Device   empty
[    0.000000] Movable zone start for each node
[    0.000000] Early memory node ranges
[    0.000000]   node   0: [mem 0x0000000000001000-0x000000000009efff]
[    0.000000]   node   0: [mem 0x0000000000100000-0x000000003ffeffff]
[    0.000000] Initmem setup node 0 [mem 0x0000000000001000-0x000000003ffeffff]
[    0.000000] ACPI: PM-Timer IO Port: 0x4008
[    0.000000] IOAPIC[0]: apic_id 2, version 32, address 0xfec00000, GSI 0-23
[    0.000000] ACPI: INT_SRC_OVR (bus 0 bus_irq 0 global_irq 2 dfl dfl)
[    0.000000] ACPI: INT_SRC_OVR (bus 0 bus_irq 9 global_irq 9 low level)
[    0.000000] Using ACPI (MADT) for SMP configuration information
[    0.000000] smpboot: Allowing 2 CPUs, 0 hotplug CPUs
[    0.000000] PM: Registered nosave memory: [mem 0x00000000-0x00000fff]
[    0.000000] PM: Registered nosave memory: [mem 0x0009f000-0x0009ffff]
[    0.000000] PM: Registered nosave memory: [mem 0x000a0000-0x000effff]
[    0.000000] PM: Registered nosave memory: [mem 0x000f0000-0x000fffff]
[    0.000000] e820: [mem 0x40000000-0xfebfffff] available for PCI devices
[    0.000000] Booting paravirtualized kernel on KVM
[    0.000000] clocksource: refined-jiffies: mask: 0xffffffff max_cycles: 0xffffffff, max_idle_ns: 7645519600211568 ns
[    0.000000] setup_percpu: NR_CPUS:512 nr_cpumask_bits:512 nr_cpu_ids:2 nr_node_ids:1
[    0.000000] PERCPU: Embedded 34 pages/cpu @ffff88003fc00000 s99544 r8192 d31528 u1048576
[    0.000000] Built 1 zonelists in Node order, mobility grouping on.  Total pages: 257912
[    0.000000] Policy zone: DMA32
[    0.000000] Kernel command line: BOOT_IMAGE=/boot/vmlinuz-4.4.0-157-generic root=LABEL=cloudimg-rootfs ro console=tty1 console=ttyS0
[    0.000000] PID hash table entries: 4096 (order: 3, 32768 bytes)
[    0.000000] Memory: 997736K/1048120K available (8618K kernel code, 1335K rwdata, 4032K rodata, 1484K init, 1284K bss, 50384K reserved, 0K cma-reserved)
[    0.000000] SLUB: HWalign=64, Order=0-3, MinObjects=0, CPUs=2, Nodes=1
[    0.000000] Hierarchical RCU implementation.
[    0.000000] 	Build-time adjustment of leaf fanout to 64.
[    0.000000] 	RCU restricting CPUs from NR_CPUS=512 to nr_cpu_ids=2.
[    0.000000] RCU: Adjusting geometry for rcu_fanout_leaf=64, nr_cpu_ids=2
[    0.000000] NR_IRQS:33024 nr_irqs:440 16
[    0.000000] Console: colour VGA+ 80x25
[    0.000000] console [tty1] enabled
[    0.000000] console [ttyS0] enabled
[    0.000000] tsc: Detected 1992.004 MHz processor
[    0.162769] Calibrating delay loop (skipped) preset value.. 3984.00 BogoMIPS (lpj=7968016)
[    0.164457] pid_max: default: 32768 minimum: 301
[    0.165365] ACPI: Core revision 20150930
[    0.167572] ACPI: 2 ACPI AML tables successfully acquired and loaded
[    0.168802] Security Framework initialized
[    0.169694] Yama: becoming mindful.
[    0.170524] AppArmor: AppArmor initialized
[    0.171411] Dentry cache hash table entries: 131072 (order: 8, 1048576 bytes)
[    0.172684] Inode-cache hash table entries: 65536 (order: 7, 524288 bytes)
[    0.176127] Mount-cache hash table entries: 2048 (order: 2, 16384 bytes)
[    0.177260] Mountpoint-cache hash table entries: 2048 (order: 2, 16384 bytes)
[    0.178594] Initializing cgroup subsys io
[    0.179378] Initializing cgroup subsys memory
[    0.180215] Initializing cgroup subsys devices
[    0.181064] Initializing cgroup subsys freezer
[    0.181970] Initializing cgroup subsys net_cls
[    0.182787] Initializing cgroup subsys perf_event
[    0.183629] Initializing cgroup subsys net_prio
[    0.184449] Initializing cgroup subsys hugetlb
[    0.185325] Initializing cgroup subsys pids
[    0.187136] mce: CPU supports 0 MCE banks
[    0.187980] Last level iTLB entries: 4KB 64, 2MB 8, 4MB 8
[    0.188945] Last level dTLB entries: 4KB 64, 2MB 0, 4MB 0, 1GB 4
[    0.189979] Spectre V2 : Mitigation: Full generic retpoline
[    0.190969] Spectre V2 : Spectre v2 / SpectreRSB mitigation: Filling RSB on context switch
[    0.192614] Speculative Store Bypass: Vulnerable
[    0.193495] MDS: Mitigation: Clear CPU buffers
[    0.196749] Freeing SMP alternatives memory: 36K
[    0.202692] ftrace: allocating 32312 entries in 127 pages
[    0.254315] smpboot: APIC(0) Converting physical 0 to logical package 0
[    0.255693] smpboot: Max logical packages: 1
[    0.256815] x2apic enabled
[    0.257758] Switched APIC routing to physical x2apic.
[    0.260162] ..TIMER: vector=0x30 apic1=0 pin1=2 apic2=-1 pin2=-1
[    0.367090] smpboot: CPU0: Intel(R) Core(TM) i7-8565U CPU @ 1.80GHz (family: 0x6, model: 0x8e, stepping: 0xb)
[    0.369087] Performance Events: unsupported p6 CPU model 142 no PMU driver, software events only.
[    0.377231] KVM setup paravirtual spinlock
[    0.378525] x86: Booting SMP configuration:
[    0.379356] .... node  #0, CPUs:      #1
[    0.380255] kvm-clock: cpu 1, msr 0:3ffe3041, secondary cpu clock
[    0.382056] mce: CPU supports 0 MCE banks
[    0.384546] x86: Booted up 1 node, 2 CPUs
[    0.385583] smpboot: Total of 2 processors activated (7968.01 BogoMIPS)
[    0.387331] devtmpfs: initialized
[    0.389218] evm: security.selinux
[    0.390248] evm: security.SMACK64
[    0.390988] evm: security.SMACK64EXEC
[    0.391815] evm: security.SMACK64TRANSMUTE
[    0.392714] evm: security.SMACK64MMAP
[    0.393490] evm: security.ima
[    0.394155] evm: security.capability
[    0.395079] clocksource: jiffies: mask: 0xffffffff max_cycles: 0xffffffff, max_idle_ns: 7645041785100000 ns
[    0.396830] futex hash table entries: 512 (order: 3, 32768 bytes)
[    0.398121] pinctrl core: initialized pinctrl subsystem
[    0.399168] RTC time: 11:25:51, date: 07/30/19
[    0.402225] NET: Registered protocol family 16
[    0.411103] cpuidle: using governor ladder
[    0.424225] cpuidle: using governor menu
[    0.426579] PCCT header not found.
[    0.429428] ACPI: bus type PCI registered
[    0.431613] acpiphp: ACPI Hot Plug PCI Controller Driver version: 0.5
[    0.434393] PCI: Using configuration type 1 for base access
[    0.448968] ACPI: Added _OSI(Module Device)
[    0.450294] ACPI: Added _OSI(Processor Device)
[    0.451646] ACPI: Added _OSI(3.0 _SCP Extensions)
[    0.453030] ACPI: Added _OSI(Processor Aggregator Device)
[    0.455321] ACPI: Executed 1 blocks of module-level executable AML code
[    0.459582] ACPI: Interpreter enabled
[    0.460614] ACPI: (supports S0 S5)
[    0.461586] ACPI: Using IOAPIC for interrupt routing
[    0.462888] PCI: Using host bridge windows from ACPI; if necessary, use "pci=nocrs" and report a bug
[    0.468145] ACPI: PCI Root Bridge [PCI0] (domain 0000 [bus 00-ff])
[    0.469339] acpi PNP0A03:00: _OSC: OS supports [ASPM ClockPM Segments MSI]
[    0.470842] acpi PNP0A03:00: _OSC: not requesting OS control; OS requires [ExtendedConfig ASPM ClockPM MSI]
[    0.473021] acpi PNP0A03:00: fail to add MMCONFIG information, can't access extended PCI configuration space under this bridge.
[    0.475457] PCI host bridge to bus 0000:00
[    0.476435] pci_bus 0000:00: root bus resource [io  0x0000-0x0cf7 window]
[    0.477708] pci_bus 0000:00: root bus resource [io  0x0d00-0xffff window]
[    0.478941] pci_bus 0000:00: root bus resource [mem 0x000a0000-0x000bffff window]
[    0.480387] pci_bus 0000:00: root bus resource [mem 0x40000000-0xfdffffff window]
[    0.481853] pci_bus 0000:00: root bus resource [bus 00-ff]
[    0.484207] pci 0000:00:01.1: legacy IDE quirk: reg 0x10: [io  0x01f0-0x01f7]
[    0.485412] pci 0000:00:01.1: legacy IDE quirk: reg 0x14: [io  0x03f6]
[    0.486513] pci 0000:00:01.1: legacy IDE quirk: reg 0x18: [io  0x0170-0x0177]
[    0.487824] pci 0000:00:01.1: legacy IDE quirk: reg 0x1c: [io  0x0376]
[    0.498846] pci 0000:00:07.0: quirk: [io  0x4000-0x403f] claimed by PIIX4 ACPI
[    0.510988] pci 0000:00:07.0: quirk: [io  0x4100-0x410f] claimed by PIIX4 SMB
[    0.518124] ACPI: PCI Interrupt Link [LNKA] (IRQs 5 9 10 *11)
[    0.519802] ACPI: PCI Interrupt Link [LNKB] (IRQs 5 9 *10 11)
[    0.521444] ACPI: PCI Interrupt Link [LNKC] (IRQs 5 *9 10 11)
[    0.523027] ACPI: PCI Interrupt Link [LNKD] (IRQs 5 9 10 *11)
[    0.524503] ACPI: Enabled 2 GPEs in block 00 to 07
[    0.525841] vgaarb: setting as boot device: PCI:0000:00:02.0
[    0.526845] vgaarb: device added: PCI:0000:00:02.0,decodes=io+mem,owns=io+mem,locks=none
[    0.528413] vgaarb: loaded
[    0.529103] vgaarb: bridge control possible 0000:00:02.0
[    0.530240] SCSI subsystem initialized
[    0.531102] ACPI: bus type USB registered
[    0.531946] usbcore: registered new interface driver usbfs
[    0.533209] usbcore: registered new interface driver hub
[    0.534358] usbcore: registered new device driver usb
[    0.535560] PCI: Using ACPI for IRQ routing
[    0.536601] NetLabel: Initializing
[    0.537300] NetLabel:  domain hash size = 128
[    0.538261] NetLabel:  protocols = UNLABELED CIPSOv4
[    0.539296] NetLabel:  unlabeled traffic allowed by default
[    0.540445] amd_nb: Cannot enumerate AMD northbridges
[    0.541486] clocksource: Switched to clocksource kvm-clock
[    0.547784] AppArmor: AppArmor Filesystem Enabled
[    0.548716] pnp: PnP ACPI init
[    0.549998] pnp: PnP ACPI: found 3 devices
[    0.559690] clocksource: acpi_pm: mask: 0xffffff max_cycles: 0xffffff, max_idle_ns: 2085701024 ns
[    0.561355] NET: Registered protocol family 2
[    0.562321] TCP established hash table entries: 8192 (order: 4, 65536 bytes)
[    0.563518] TCP bind hash table entries: 8192 (order: 5, 131072 bytes)
[    0.564641] TCP: Hash tables configured (established 8192 bind 8192)
[    0.565750] UDP hash table entries: 512 (order: 2, 16384 bytes)
[    0.566784] UDP-Lite hash table entries: 512 (order: 2, 16384 bytes)
[    0.567915] NET: Registered protocol family 1
[    0.568771] pci 0000:00:00.0: Limiting direct PCI/PCI transfers
[    0.569830] pci 0000:00:01.0: Activating ISA DMA hang workarounds
[    0.571639] Unpacking initramfs...
[    0.729185] Freeing initrd memory: 14824K
[    0.730151] clocksource: tsc: mask: 0xffffffffffffffff max_cycles: 0x396d59a56c3, max_idle_ns: 881590573781 ns
[    0.731930] platform rtc_cmos: registered platform RTC device (no PNP device found)
[    0.733482] Scanning for low memory corruption every 60 seconds
[    0.734976] audit: initializing netlink subsys (disabled)
[    0.735975] audit: type=2000 audit(1564485956.450:1): initialized
[    0.737219] Initialise system trusted keyring
[    0.738318] HugeTLB registered 2 MB page size, pre-allocated 0 pages
[    0.740573] zbud: loaded
[    0.741543] VFS: Disk quotas dquot_6.6.0
[    0.742474] VFS: Dquot-cache hash table entries: 512 (order 0, 4096 bytes)
[    0.743773] squashfs: version 4.0 (2009/01/31) Phillip Lougher
[    0.745042] fuse init (API version 7.23)
[    0.746004] Key type big_key registered
[    0.746805] Allocating IMA MOK and blacklist keyrings.
[    0.752771] Key type asymmetric registered
[    0.753743] Asymmetric key parser 'x509' registered
[    0.754756] Block layer SCSI generic (bsg) driver version 0.4 loaded (major 249)
[    0.756332] io scheduler noop registered
[    0.757130] io scheduler deadline registered (default)
[    0.758268] io scheduler cfq registered
[    0.759348] pci_hotplug: PCI Hot Plug PCI Core version: 0.5
[    0.760352] pciehp: PCI Express Hot Plug Controller Driver version: 0.4
[    0.761599] ACPI: AC Adapter [AC] (on-line)
[    0.762461] input: Power Button as /devices/LNXSYSTM:00/LNXPWRBN:00/input/input0
[    0.763881] ACPI: Power Button [PWRF]
[    0.764658] input: Sleep Button as /devices/LNXSYSTM:00/LNXSLPBN:00/input/input1
[    0.766121] ACPI: Sleep Button [SLPF]
[    0.767037] GHES: HEST is not enabled!
[    0.767608] ACPI: Battery Slot [BAT0] (battery present)
[    0.769059] Serial: 8250/16550 driver, 32 ports, IRQ sharing enabled
[    0.790636] 00:02: ttyS0 at I/O 0x3f8 (irq = 4, base_baud = 115200) is a 16550A
[    0.805904] Linux agpgart interface v0.103
[    0.808068] loop: module loaded
[    0.809300] scsi host0: ata_piix
[    0.810186] scsi host1: ata_piix
[    0.810917] ata1: PATA max UDMA/33 cmd 0x1f0 ctl 0x3f6 bmdma 0xd000 irq 14
[    0.812100] ata2: PATA max UDMA/33 cmd 0x170 ctl 0x376 bmdma 0xd008 irq 15
[    0.813347] libphy: Fixed MDIO Bus: probed
[    0.814224] tun: Universal TUN/TAP device driver, 1.6
[    0.815284] tun: (C) 1999-2004 Max Krasnyansky <maxk@qualcomm.com>
[    0.816477] PPP generic driver version 2.4.2
[    0.817390] ehci_hcd: USB 2.0 'Enhanced' Host Controller (EHCI) Driver
[    0.818513] ehci-pci: EHCI PCI platform driver
[    0.819396] ehci-platform: EHCI generic platform driver
[    0.820431] ohci_hcd: USB 1.1 'Open' Host Controller (OHCI) Driver
[    0.821494] ohci-pci: OHCI PCI platform driver
[    0.822358] ohci-platform: OHCI generic platform driver
[    0.823306] uhci_hcd: USB Universal Host Controller Interface driver
[    0.824452] i8042: PNP: PS/2 Controller [PNP0303:PS2K,PNP0f03:PS2M] at 0x60,0x64 irq 1,12
[    0.826480] serio: i8042 KBD port at 0x60,0x64 irq 1
[    0.827389] serio: i8042 AUX port at 0x60,0x64 irq 12
[    0.828523] mousedev: PS/2 mouse device common for all mice
[    0.829873] input: AT Translated Set 2 keyboard as /devices/platform/i8042/serio0/input/input2
[    0.831919] rtc_cmos rtc_cmos: rtc core: registered rtc_cmos as rtc0
[    0.833072] rtc_cmos rtc_cmos: alarms up to one day, 114 bytes nvram
[    0.834272] i2c /dev entries driver
[    0.835018] device-mapper: uevent: version 1.0.3
[    0.835990] device-mapper: ioctl: 4.34.0-ioctl (2015-10-28) initialised: dm-devel@redhat.com
[    0.837705] ledtrig-cpu: registered to indicate activity on CPUs
[    0.839455] NET: Registered protocol family 10
[    0.840696] NET: Registered protocol family 17
[    0.841624] Key type dns_resolver registered
[    0.842871] registered taskstats version 1
[    0.843675] Loading compiled-in X.509 certificates
[    0.845056] Loaded X.509 cert 'Build time autogenerated kernel key: 3e01e6df98386236d59670e6b2ed19a044d5324e'
[    0.846962] zswap: loaded using pool lzo/zbud
[    0.848969] Key type trusted registered
[    0.851654] Key type encrypted registered
[    0.852436] AppArmor: AppArmor sha1 policy hashing enabled
[    0.853425] ima: No TPM chip found, activating TPM-bypass!
[    0.854510] ima: Allocated hash algorithm: sha1
[    0.855511] evm: HMAC attrs: 0x1
[    0.856669]   Magic number: 11:800:429
[    0.857566] rtc_cmos rtc_cmos: setting system clock to 2019-07-30 11:25:52 UTC (1564485952)
[    0.859418] BIOS EDD facility v0.16 2004-Jun-25, 0 devices found
[    0.860483] EDD information not available.
[    0.972676] Freeing unused kernel memory: 1484K
[    0.976742] Write protecting the kernel read-only data: 14336k
[    0.982540] Freeing unused kernel memory: 1612K
[    0.985990] Freeing unused kernel memory: 64K
Loading, please wait...
starting version 229
[    1.005742] random: systemd-udevd: uninitialized urandom read (16 bytes read, 3 bits of entropy available)
[    1.006333] random: udevadm: uninitialized urandom read (16 bytes read, 3 bits of entropy available)
[    1.006351] random: udevadm: uninitialized urandom read (16 bytes read, 3 bits of entropy available)
[    1.012901] random: systemd-udevd: uninitialized urandom read (16 bytes read, 3 bits of entropy available)
[    1.013616] random: udevadm: uninitialized urandom read (16 bytes read, 3 bits of entropy available)
[    1.013649] random: udevadm: uninitialized urandom read (16 bytes read, 3 bits of entropy available)
[    1.013774] random: udevadm: uninitialized urandom read (16 bytes read, 3 bits of entropy available)
[    1.013811] random: udevadm: uninitialized urandom read (16 bytes read, 3 bits of entropy available)
[    1.013847] random: udevadm: uninitialized urandom read (16 bytes read, 3 bits of entropy available)
[    1.013899] random: udevadm: uninitialized urandom read (16 bytes read, 3 bits of entropy available)
[    1.048191] e1000: Intel(R) PRO/1000 Network Driver - version 7.3.21-k8-NAPI
[    1.049367] e1000: Copyright (c) 1999-2006 Intel Corporation.
[    1.053906] Fusion MPT base driver 3.04.20
[    1.054789] Copyright (c) 1999-2008 LSI Corporation
[    1.061356] Fusion MPT SPI Host driver 3.04.20
[    1.074477] AVX2 version of gcm_enc/dec engaged.
[    1.075542] AES CTR mode by8 optimization enabled
[    1.270721] input: ImExPS/2 Generic Explorer Mouse as /devices/platform/i8042/serio1/input/input4
[    1.426781] e1000 0000:00:03.0 eth0: (PCI:33MHz:32-bit) 02:c2:66:bb:16:6d
[    1.429501] e1000 0000:00:03.0 eth0: Intel(R) PRO/1000 Network Connection
[    1.793601] e1000 0000:00:08.0 eth1: (PCI:33MHz:32-bit) 08:00:27:ba:b3:a1
[    1.794766] e1000 0000:00:08.0 eth1: Intel(R) PRO/1000 Network Connection
[    1.796578] e1000 0000:00:08.0 enp0s8: renamed from eth1
[    1.797853] mptbase: ioc0: Initiating bringup
[    1.809951] e1000 0000:00:03.0 enp0s3: renamed from eth0
[    1.877457] ioc0: LSI53C1030 A0: Capabilities={Initiator}
[    2.704130] scsi host2: ioc0: LSI53C1030 A0, FwRev=00000000h, Ports=1, MaxQ=256, IRQ=20
[    2.854130] scsi 2:0:0:0: Direct-Access     VBOX     HARDDISK         1.0  PQ: 0 ANSI: 5
[    2.861724] scsi target2:0:0: Beginning Domain Validation
[    2.871557] scsi target2:0:0: Domain Validation skipping write tests
[    2.874998] scsi target2:0:0: Ending Domain Validation
[    2.877477] scsi target2:0:0: asynchronous
[    2.880581] scsi 2:0:1:0: Direct-Access     VBOX     HARDDISK         1.0  PQ: 0 ANSI: 5
[    2.883482] scsi target2:0:1: Beginning Domain Validation
[    2.888015] scsi target2:0:1: Domain Validation skipping write tests
[    2.889297] scsi target2:0:1: Ending Domain Validation
[    2.900771] scsi target2:0:1: asynchronous
[    2.909018] sd 2:0:0:0: Attached scsi generic sg0 type 0
[    2.910259] sd 2:0:0:0: [sda] 20971520 512-byte logical blocks: (10.7 GB/10.0 GiB)
[    2.911897] sd 2:0:1:0: Attached scsi generic sg1 type 0
[    2.911997] sd 2:0:1:0: [sdb] 20480 512-byte logical blocks: (10.5 MB/10.0 MiB)
[    2.914809] sd 2:0:1:0: [sdb] Write Protect is off
[    2.915964] sd 2:0:1:0: [sdb] Incomplete mode parameter data
[    2.916979] sd 2:0:1:0: [sdb] Assuming drive cache: write through
[    2.918153] sd 2:0:0:0: [sda] Write Protect is off
[    2.919547] sd 2:0:0:0: [sda] Incomplete mode parameter data
[    2.920603] sd 2:0:0:0: [sda] Assuming drive cache: write through
[    2.924039]  sda: sda1
[    2.926718] sd 2:0:0:0: [sda] Attached SCSI disk
[    2.927675] sd 2:0:1:0: [sdb] Attached SCSI disk
Begin: Loading essential drivers ... [    4.297411] md: linear personality registered for level -1
[    4.300235] md: multipath personality registered for level -4
[    4.303106] md: raid0 personality registered for level 0
[    4.306612] md: raid1 personality registered for level 1
[    4.377778] raid6: sse2x1   gen() 12783 MB/s
[    4.445682] raid6: sse2x1   xor()  9616 MB/s
[    4.513957] raid6: sse2x2   gen() 18402 MB/s
[    4.581767] raid6: sse2x2   xor() 12302 MB/s
[    4.649667] raid6: sse2x4   gen() 19720 MB/s
[    4.717993] raid6: sse2x4   xor() 13342 MB/s
[    4.785571] raid6: avx2x1   gen() 26654 MB/s
[    4.853642] raid6: avx2x2   gen() 31939 MB/s
[    4.921959] raid6: avx2x4   gen() 35365 MB/s
[    4.922878] raid6: using algorithm avx2x4 gen() 35365 MB/s
[    4.923914] raid6: using avx2x2 recovery algorithm
[    4.925838] xor: automatically using best checksumming function:
[    4.966352]    avx       : 31690.000 MB/sec
[    4.968604] async_tx: api initialized (async)
[    4.976385] md: raid6 personality registered for level 6
[    4.977448] md: raid5 personality registered for level 5
[    4.978543] md: raid4 personality registered for level 4
[    4.985079] md: raid10 personality registered for level 10
done.
Begin: Running /scripts/init-premount ... done.
Begin: Mounting root file system ... Begin: Running /scripts/local-top ... done.
Begin: Running /scripts/local-premount ... [    5.010851] Btrfs loaded
Scanning for Btrfs filesystems
done.
Warning: fsck not present, so skipping root file system
[    5.039996] EXT4-fs (sda1): mounted filesystem with ordered data mode. Opts: (null)
done.
Begin: Running /scripts/local-bottom ... done.
Begin: Running /scripts/init-bottom ... done.
[    5.122163] systemd[1]: systemd 229 running in system mode. (+PAM +AUDIT +SELINUX +IMA +APPARMOR +SMACK +SYSVINIT +UTMP +LIBCRYPTSETUP +GCRYPT +GNUTLS +ACL +XZ -LZ4 +SECCOMP +BLKID +ELFUTILS +KMOD -IDN)
[    5.125260] systemd[1]: Detected virtualization oracle.
[    5.126215] systemd[1]: Detected architecture x86-64.

Welcome to [1mUbuntu 16.04.6 LTS[0m!

[    5.130772] systemd[1]: Set hostname to <ubuntu>.
[    5.134375] systemd[1]: Initializing machine ID from random generator.
[    5.135534] systemd[1]: Installed transient /etc/machine-id file.
[    5.246468] systemd[1]: Listening on udev Control Socket.
[[0;32m  OK  [0m] Listening on udev Control Socket.
[    5.248285] systemd[1]: Listening on Journal Socket.
[[0;32m  OK  [0m] Listening on Journal Socket.
[    5.249941] systemd[1]: Started Trigger resolvconf update for networkd DNS.
[[0;32m  OK  [0m] Started Trigger resolvconf update for networkd DNS.
[    5.718684] systemd[1]: Listening on Device-mapper event daemon FIFOs.
[[0;32m  OK  [0m] Listening on Device-mapper event daemon FIFOs.
[    5.720867] systemd[1]: Started Forward Password Requests to Wall Directory Watch.
[[0;32m  OK  [0m] Started Forward Password Requests to Wall Directory Watch.
[    5.731444] systemd[1]: Created slice System Slice.
[[0;32m  OK  [0m] Created slice System Slice.
[    6.718604] systemd[1]: Starting Remount Root and Kernel File Systems...
         Starting Remount Root and Kernel File Systems...
[    6.724230] systemd[1]: Mounting Huge Pages File System...
         Mounting Huge Pages File System.[    6.727401] EXT4-fs (sda1): re-mounted. Opts: (null)
..
[    6.731557] systemd[1]: Starting Load Kernel Modules...
         Starting Load Kernel Modules...
[    6.733697] systemd[1]: Starting Nameserver information manager...
         Starting Nameserver information manager...
[    6.735968] systemd[1]: Starting Set console keymap...
         Starting Set console keymap...
[    6.737669] systemd[1]: Reached target User and Group Name Lookups.
[[0;32m  OK  [0m] Reached target User and Group Name Lookups.
[    6.739639] Loading iSCSI transport class v2.0-870.
[    6.739721] systemd[1]: Listening on LVM2 poll daemon socket.
[[0;32m  OK  [0m] Listening on LVM2 poll daemon socket.
[    6.747586] iscsi: registered transport (tcp)
[    6.749800] systemd[1]: Listening on Journal Socket (/dev/log).
[[0;32m  OK  [0m] Listening on Journal Socket (/dev/log).
[    6.760454] systemd[1]: Reached target Encrypted Volumes.
[[0;32m  OK  [0m] Reached target Encrypted Volumes.
[    6.762290] systemd[1]: Reached target System Time Synchronized.
[[0;32m  OK  [0m] Reached target System Time Synchronized.
[    6.764082] systemd[1]: Listening on Journal Audit Socket.
[[0;32m  OK  [0m] Listening on Journal Audit Socket.
[    6.773928] systemd[1]: Created slice system-serial\x2dgetty.slice.
[[0;32m  OK  [0m] Created slice system-serial\x2dgetty.slice.
[    6.775753] systemd[1]: Reached target Swap.
[[0;32m  OK  [0m] Reached target Swap.
[    6.778558] iscsi: registered transport (iser)
[    6.786425] systemd[1]: Mounting POSIX Message Queue File System...
         Mounting POSIX Message Queue File System...
[    6.788790] systemd[1]: Set up automount Arbitrary Executable File Formats File System Automount Point.
[[0;32m  OK  [0m] Set up automount Arbitrary Executab...ats File System Automount Point.
[    6.792972] systemd[1]: Created slice User and Session Slice.
[[0;32m  OK  [0m] Created slice User and Session Slice.
[    6.802536] systemd[1]: Reached target Slices.
[[0;32m  OK  [0m] Reached target Slices.
[    6.822575] systemd[1]: Starting Create list of required static device nodes for the current kernel...
         Starting Create list of required st... nodes for the current kernel...
[    6.833648] systemd[1]: Listening on udev Kernel Socket.
[[0;32m  OK  [0m] Listening on udev Kernel Socket.
[    6.857717] systemd[1]: Starting Uncomplicated firewall...
         Starting Uncomplicated firewall...
[    6.859730] systemd[1]: Listening on Syslog Socket.
[[0;32m  OK  [0m] Listening on Syslog Socket.
[    6.861902] systemd[1]: Starting Journal Service...
         Starting Journal Service...
[    6.870146] systemd[1]: Listening on /dev/initctl Compatibility Named Pipe.
[[0;32m  OK  [0m] Listening on /dev/initctl Compatibility Named Pipe.
[    6.874024] systemd[1]: Listening on LVM2 metadata daemon socket.
[[0;32m  OK  [0m] Listening on LVM2 metadata daemon socket.
[    6.876197] systemd[1]: Starting Monitoring of LVM2 mirrors, snapshots etc. using dmeventd or progress polling...
         Starting Monitoring of LVM2 mirrors... dmeventd or progress polling...
[    6.883881] systemd[1]: Mounting Debug File System...
         Mounting Debug File System...
[    6.887909] systemd[1]: Mounted Huge Pages File System.
[[0;32m  OK  [0m] Mounted Huge Pages File System.
[    6.889404] systemd[1]: Mounted Debug File System.
[[0;32m  OK  [0m] Mounted Debug File System.
[    6.891010] systemd[1]: Mounted POSIX Message Queue File System.
[[0;32m  OK  [0m] Mounted POSIX Message Queue File System.
[    6.897714] systemd[1]: Started Journal Service.
[[0;32m  OK  [0m] Started Journal Service.
[[0;32m  OK  [0m] Started Remount Root and Kernel File Systems.
[[0;32m  OK  [0m] Started Load Kernel Modules.
[[0;32m  OK  [0m] Started Set console keymap.
[[0;32m  OK  [0m] Started Create list of required sta...ce nodes for the current kernel.
[[0;32m  OK  [0m] Started Uncomplicated firewall.
[[0;32m  OK  [0m] Started Nameserver information manager.
[[0;32m  OK  [0m] Started LVM2 metadata daemon.
         Starting Create Static Device Nodes in /dev...
         Mounting FUSE Control File System...
         Starting Apply Kernel Variables...
         Starting udev Coldplug all Devices...
         Starting Load/Save Random Seed...
         Starting Flush Journal to Persistent Storage...
[[0;32m  OK  [0m] Mounted FUSE Control File System.
[[0;32m  OK  [0m] Started Create Static Device Nodes in /dev.
[[0;32m  OK  [0m] Started Apply Kernel Variables.
[[0;32m  OK  [0m] Started Load/Save Random Seed.
[[0;32m  OK  [0m] Started udev Coldplug all Devices.
         Starting udev Kernel Device Manager...
[[0;32m  OK  [0m] Started Flush Journal to Persistent Storage.
[[0;32m  OK  [0m] Started udev Kernel Device Manager.
[[0;32m  OK  [0m] Started Dispatch Password Requests to Console Directory Watch.
[[0;32m  OK  [0m] Found device /dev/ttyS0.
[[0;32m  OK  [0m] Listening on Load/Save RF Kill Switch Status /dev/rfkill Watch.
[[0;32m  OK  [0m] Started Monitoring of LVM2 mirrors,...ng dmeventd or progress polling.
[[0;32m  OK  [0m] Reached target Local File Systems (Pre).
[[0;32m  OK  [0m] Reached target Local File Systems.
         Starting Commit a transient machine-id on disk...
         Starting LSB: AppArmor initialization...
         Starting Create Volatile Files and Directories...
         Starting Initial cloud-init job (pre-networking)...
         Starting Tell Plymouth To Write Out Runtime Data...
         Starting Set console font and keymap...
[[0;32m  OK  [0m] Started Commit a transient machine-id on disk.
[[0;32m  OK  [0m] Started Create Volatile Files and Directories.
[[0;32m  OK  [0m] Started Tell Plymouth To Write Out Runtime Data.
         Starting Update UTMP about System Boot/Shutdown...
[[0;32m  OK  [0m] Started Update UTMP about System Boot/Shutdown.
[    8.724509] cloud-init[631]: Cloud-init v. 19.1-1-gbaa47854-0ubuntu1~16.04.1 running 'init-local' at Tue, 30 Jul 2019 11:26:00 +0000. Up 8.23 seconds.
[[0;32m  OK  [0m] Started Set console font and keymap.
[[0;32m  OK  [0m] Started Initial cloud-init job (pre-networking).
[[0;32m  OK  [0m] Reached target Network (Pre).
[[0;32m  OK  [0m] Created slice system-getty.slice.
[[0;32m  OK  [0m] Started LSB: AppArmor initialization.
         Starting Raise network interfaces...
[[0;32m  OK  [0m] Started Raise network interfaces.
[[0;32m  OK  [0m] Reached target Network.
         Starting Initial cloud-init job (metadata service crawler)...
[   10.632981] cloud-init[965]: Cloud-init v. 19.1-1-gbaa47854-0ubuntu1~16.04.1 running 'init' at Tue, 30 Jul 2019 11:26:01 +0000. Up 9.64 seconds.
[   10.634568] cloud-init[965]: ci-info: ++++++++++++++++++++++++++++++++++++++Net device info+++++++++++++++++++++++++++++++++++++++
[   10.635453] cloud-init[965]: ci-info: +--------+-------+----------------------------+---------------+--------+-------------------+
[   10.636670] cloud-init[965]: ci-info: | Device |   Up  |          Address           |      Mask     | Scope  |     Hw-Address    |
[   10.637928] cloud-init[965]: ci-info: +--------+-------+----------------------------+---------------+--------+-------------------+
[   10.639176] cloud-init[965]: ci-info: | enp0s3 |  True |         10.0.2.15          | 255.255.255.0 | global | 02:c2:66:bb:16:6d |
[   10.640412] cloud-init[965]: ci-info: | enp0s3 |  True | fe80::c2:66ff:febb:166d/64 |       .       |  link  | 02:c2:66:bb:16:6d |
[   10.641799] cloud-init[965]: ci-info: | enp0s8 | False |             .              |       .       |   .    | 08:00:27:ba:b3:a1 |
[   10.643143] cloud-init[965]: ci-info: |   lo   |  True |         127.0.0.1          |   255.0.0.0   |  host  |         .         |
[   10.644559] cloud-init[965]: ci-info: |   lo   |  True |          ::1/128           |       .       |  host  |         .         |
[   10.646132] cloud-init[965]: ci-info: +--------+-------+----------------------------+---------------+--------+-------------------+
[   10.656679] cloud-init[965]: ci-info: +++++++++++++++++++++++++++Route IPv4 info++++++++++++++++++++++++++++
[   10.664578] cloud-init[965]: ci-info: +-------+-------------+----------+---------------+-----------+-------+
[   10.672359] cloud-init[965]: ci-info: | Route | Destination | Gateway  |    Genmask    | Interface | Flags |
[   10.673732] cloud-init[965]: ci-info: +-------+-------------+----------+---------------+-----------+-------+
[   10.674839] cloud-init[965]: ci-info: |   0   |   0.0.0.0   | 10.0.2.2 |    0.0.0.0    |   enp0s3  |   UG  |
[   10.684417] [[0;32m  OK  [0m] Started Initial cloud-init job (metadata service crawler).
cloud-init[965]: ci-info: |   1   |   10.0.2.0  | 0.0.0.0  | 255.255.255.0 |   enp0s3  |   U   |
[   10.692779] [[0;32m  OK  [0m] Reached target Cloud-config availability.
cloud-init[965]: ci-info: +-------+-------------+----------+---------------+-----------+-------+
[   10.694135] [[0;32m  OK  [0m] Reached target Network is Online.
cloud-init[965]: ci-info: +++++++++++++++++++Route IPv6 info+++++++++++++++++++
[   10.695445] cloud-init[965]: ci-info: +-------+-------------+---------+-----------+-------+
[   10.704420]          Starting iSCSI initiator daemon (iscsid)...
[[0;32m  OK  [0m] Reached target System Initialization.
cloud-init[965]: ci-info: | Route | Destination | Gateway | Interface | Flags |
[   10.706621]          Starting Socket activation for snappy daemon.
cloud-init[965]: ci-info: +-------+-------------+---------+-----------+-------+
[   10.707947] [[0;32m  OK  [0m] Listening on UUID daemon activation socket.
[[0;32m  OK  [0m] Listening on D-Bus System Message Bus Socket.
cloud-init[965]:          Starting LXD - unix socket.
[[0;32m  OK  [0m] Started Daily Cleanup of Temporary Directories.
ci-info: |   0   |  fe80::/64  |    ::   |   enp0s3  |   U   |
[   10.711577] cloud-init[965]: ci-info: |   3   |   ff00::/8  |    ::   |   enp0s3  |   U   |
[   10.712678] cloud-init[965]: ci-info: +-------+-------------+---------+-----------+-------+
[   10.713811] cloud-init[965]: Generating public/private rsa key pair.
[   10.714738] cloud-init[965]: Your identification has been saved in /etc/ssh/ssh_host_rsa_key.
[   10.716187] cloud-init[965]: Your public key has been saved in /etc/ssh/ssh_host_rsa_key.pub.
[[0;32m  OK  [0m] Started ACPI Events Check.
[[0;32m  OK  [0m] Reached target Paths.
[[0;32m  OK  [0m] Listening on ACPID Listen Socket.
[[0;32m  OK  [0m] Started Daily apt download activities.
[[0;32m  OK  [0m] Started Daily apt upgrade and clean activities.
[[0;32m  OK  [0m] Reached target Timers.
[   10.720489] cloud-init[965]: The key fingerprint is:
[   10.761993] cloud-init[965]: SHA256:5t2A2xoObnEWcGG3Gp899Urzz6okGEAQcFlEF3XuTDo root@ubuntu-xenial
[   10.763048] cloud-init[965]: The key's randomart image is:
[   10.763807] cloud-init[965]: +---[RSA 2048]----+
[   10.764437] cloud-init[965]: |  ..+B= =+o .    |
[   10.772372] cloud-init[965]: |   ....o.. +     |
[   10.773031] cloud-init[965]: |      .o. . o .  |
[   10.773633] cloud-init[965]: |       ..= B . . |
[   10.774177] cloud-init[965]: |        S.E = o .|
[   10.780318] cloud-init[965]: |      .oo* + o + |
[   10.781249] cloud-init[965]: |      .+= + o . .|
[   10.781866] cloud-init[965]: |     ..o o o   ..|
[   10.788493] cloud-init[965]: |     .. o   ....o|
[   10.788675] cloud-init[965]: +----[SHA256]-----+
[[0;32m  OK  [0m] Listening on Socket activation for snappy daemon.
[   10.788709] cloud-init[965]: Generating public/private dsa key pair.
[[0;32m  OK  [0m] Listening on LXD - unix socket.[   10.789810] 
cloud-init[965]: Your identification has been saved in /etc/ssh/ssh_host_dsa_key.
[   10.791025] cloud-init[965]: Your public key has been saved in /etc/ssh/ssh_host_dsa_key.pub.
[   10.791205] cloud-init[[965]: [0;32m  OK  [0mThe key fingerprint is:] 
Started iSCSI initiator daemon (iscsid).
[   10.791245] cloud-init[965]: SHA256:GZwQKyCh5bT0Tu64BASSwaj2K9N/v8DQB+n4etUb8Ac root@ubuntu-xenial
[   10.793466] cloud-init[965]: The key's randomart image is:
[   10.800120] cloud-init[965]: +---[DSA 1024]----+
[   10.800745] cloud-init[965]: |O+=   o.         |
[   10.808487] cloud-init[965]: |*B +   +..       |
[   10.808708] cloud-init[965]: |o.o + .o+        |
[   10.808860] cloud-init[965]: |o. + .+ .+ E     |
         Starting Login to default iSCSI targets...
[[   10.809035] [0;32m  OK  [0mcloud-init] [965]: Reached target Sockets.|o . oo oS.+ .    |

[   10.817829] cloud-init[965]: | . +  + .. + .   |
[   10.818018] cloud-init[965]: |  + o  +.   +    |
[   10.818208] cloud-init[965]: | + +  .o.  .     |
[   10.818385] cloud-init[965]: |  + .oo .o.      |
[   10.818540] cloud-init[965]: +----[SHA256]-----+
[   10.818636] cloud-init[965]: Generating public/private ecdsa key pair.
[[0;32m  OK  [0m] Reached target Basic System.
[   10.818913] cloud-init[965]: Your identification has been saved in /etc/ssh/ssh_host_ecdsa_key.
[   10.829902] cloud-init[965]: Your public key has been saved in /etc/ssh/ssh_host_ecdsa_key.pub.
[   10.840679] cloud-init[965]: The key fingerprint is:
[   10.841472] cloud-init[965]: SHA256:6ahBCjyFpVgfn4AAgJ0U1JvaaOUqd+nd+Nx9jrqa6WY root@ubuntu-xenial
[   10.848340]          cloud-initStarting Login Service...[965]: 
The key's randomart image is:
[   10.849316]          Starting /etc/rc.local Compatibility...
cloud-init[965]: +---[ECDSA 256]---+
[   10.850628] cloud-init[965]: |B==*o            |
[   10.851324] cloud-init[965]: |o.B..+ .         |
[   10.852073] cloud-init[965]: |.o ..oo          |
[   10.852350] cloud-init[965]: |. . +    .       |
[   10.852586] cloud-init[965]: |.o *.   S        |
[   10.852834] cloud-init[965]: | .=oo  o         |
[   10.853047] cloud-init[965]: | ...... .        |
[   10.853270] cloud-init[965]: |. o o+ +E+ . ..  |
[   10.853483] cloud-init[965]: | o oo o=O.+ooo.  |
[   10.853691] cloud-init[965]: +----[SHA256]-----+
[   10.853905] cloud-init[965]: Generating public/private ed25519 key pair.
[   10.854132] cloud-init[965]: Your identification has been saved in /etc/ssh/ssh_host_ed25519_key.
[   10.854346] cloud-init[965]: Your public key has been saved in /etc/ssh/ssh_host_ed25519_key.pub.
[   10.854547] cloud-init[965]: The key fingerprint is:
[   10.854761] cloud-init[965]: SHA256:MBdqHfPaXwZKNME8ZyCqDiSBTSGlqbfI9NE2d7cWRng root@ubuntu-xenial
[   10.854976] cloud-init[965]: The key's randomart image is:
[   10.855186] cloud-init[965]: +--[ED25519 256]--+
[   10.855393] cloud-init[965]: |+++.    =o=o     |
[   10.855606] cloud-init[965]: |.=.    + B=.o    |
[   10.855956] cloud-init[965]: |+ .   * o.oE.    |
[   10.856172] cloud-init[965]: |.o  .o + +o. .   |
[   10.856373] cloud-init[965]: |..o..+ .S.o+  o  |
[   10.856581] cloud-init[965]: |oo.+o o . o.oo   |
[   10.856795] cloud-init[965]: |.....      o.    |
[   10.857022] cloud-init[965]: |          .      |
[   10.857238] cloud-init[965]: |                 |
[   10.857452] cloud-init[965]: +----[SHA256]-----+
[[0;32m  OK  [0m] Started Regular background program processing daemon.
[[0;32m  OK  [0m] Started D-Bus System Message Bus.
         Starting Accounts Service...
         Starting LSB: Record successful boot for GRUB...
[[0;32m  OK  [0m] Started FUSE filesystem for LXC.
         Starting System Logging Service...
         Starting LXD - container startup/shutdown...
         Starting LSB: MD monitoring daemon...
         Starting Virtualbox guest utils...
[[0;32m  OK  [0m] Started ACPI event daemon.
         Starting Pollinate to seed the pseudo random number generator...
[[0;32m  OK  [0m] Started Deferred execution scheduler.
         Starting Snappy daemon...
[[0;32m  OK  [0m] Started /etc/rc.local Compatibility.
[[0;32m  OK  [0m] Started System Logging Service.
[[0;32m  OK  [0m] Started LSB: Record successful boot for GRUB.
[[0;32m  OK  [0m] Started Login to default iSCSI targets.
[[0;32m  OK  [0m] Started LSB: MD monitoring daemon.
[[0;32m  OK  [0m] Started Login Service.
[[0;32m  OK  [0m] Started Unattended Upgrades Shutdown.
         Starting Authenticate and Authorize Users to Run Privileged Tasks...
[[0;32m  OK  [0m] Reached target Remote File Systems (Pre).
[[0;32m  OK  [0m] Reached target Remote File Systems.
         Starting LSB: daemon to balance interrupts for SMP systems...
         Starting Permit User Sessions...
         Starting LSB: automatic crash report generation...
         Starting LSB: Set the CPU Frequency Scaling governor to "ondemand"...
[[0;32m  OK  [0m] Started Permit User Sessions.
         Starting Terminate Plymouth Boot Screen...
         Starting Hold until boot process finishes up...
[[0;32m  OK  [0m] Started Virtualbox guest utils.
[[0;32m  OK  [0m] Started LSB: Set the CPU Frequency Scaling governor to "ondemand".
[[0;32m  OK  [0m] Started Terminate Plymouth Boot Screen.
[[0;32m  OK  [0m] Started Hold until boot process finishes up.
[[0;32m  OK  [0m] Started Authenticate and Authorize Users to Run Privileged Tasks.
[[0;32m  OK  [0m] Started LXD - container startup/shutdown.
[[0;32m  OK  [0m] Started Accounts Service.
[[0;32m  OK  [0m] Started Getty on tty1.
[[0;32m  OK  [0m] Started Serial Getty on ttyS0.
[[0;32m  OK  [0m] Reached target Login Prompts.
         Starting Set console scheme...
[[0;32m  OK  [0m] Started LSB: daemon to balance interrupts for SMP systems.
[[0;32m  OK  [0m] Started LSB: automatic crash report generation.
[[0;32m  OK  [0m] Started Set console scheme.
[[0;32m  OK  [0m] Started Snappy daemon.
         Starting Wait until snapd is fully seeded...
[[0;32m  OK  [0m] Started Pollinate to seed the pseudo random number generator.
         Starting OpenBSD Secure Shell server...
[[0;32m  OK  [0m] Started OpenBSD Secure Shell server.
[[0;32m  OK  [0m] Created slice User Slice of vagrant.
         Starting User Manager for UID 1000...
[[0;32m  OK  [0m] Started Session 1 of user vagrant.
[[0;32m  OK  [0m] Started User Manager for UID 1000.
         Stopping User Manager for UID 1000...

Ubuntu 16.04.6 LTS ubuntu-xenial ttyS0

ubuntu-xenial login: [   19.477313] cloud-init[1692]: Generating locales (this might take a while)...
[   20.312288] cloud-init[1692]:   en_US.UTF-8... done
[   20.312988] cloud-init[1692]: Generation complete.
[   20.567702] cloud-init[1692]: Cloud-init v. 19.1-1-gbaa47854-0ubuntu1~16.04.1 running 'modules:config' at Tue, 30 Jul 2019 11:26:11 +0000. Up 19.36 seconds.
ci-info: no authorized ssh keys fingerprints found for user ubuntu.
<14>Jul 30 11:26:13 ec2: 
<14>Jul 30 11:26:13 ec2: #############################################################
<14>Jul 30 11:26:13 ec2: -----BEGIN SSH HOST KEY FINGERPRINTS-----
<14>Jul 30 11:26:13 ec2: 1024 SHA256:GZwQKyCh5bT0Tu64BASSwaj2K9N/v8DQB+n4etUb8Ac root@ubuntu-xenial (DSA)
<14>Jul 30 11:26:13 ec2: 256 SHA256:6ahBCjyFpVgfn4AAgJ0U1JvaaOUqd+nd+Nx9jrqa6WY root@ubuntu-xenial (ECDSA)
<14>Jul 30 11:26:13 ec2: 256 SHA256:MBdqHfPaXwZKNME8ZyCqDiSBTSGlqbfI9NE2d7cWRng root@ubuntu-xenial (ED25519)
<14>Jul 30 11:26:13 ec2: 2048 SHA256:5t2A2xoObnEWcGG3Gp899Urzz6okGEAQcFlEF3XuTDo root@ubuntu-xenial (RSA)
<14>Jul 30 11:26:13 ec2: -----END SSH HOST KEY FINGERPRINTS-----
<14>Jul 30 11:26:13 ec2: #############################################################
-----BEGIN SSH HOST KEY KEYS-----
ecdsa-sha2-nistp256 AAAAE2VjZHNhLXNoYTItbmlzdHAyNTYAAAAIbmlzdHAyNTYAAABBBCyXdnqBqNzXtvj2izIGTvzwLyGtZGa3Eoy2MyGd0c96ekXrWX+QblGOBbAcIT5dE5Y+AP28VJGpyfrJOID0ZZw= root@ubuntu-xenial
ssh-ed25519 AAAAC3NzaC1lZDI1NTE5AAAAIA0x8jDPT9xSXydkk69UwjAUNGetKCzY7zQ/MHxxQMNT root@ubuntu-xenial
ssh-rsa AAAAB3NzaC1yc2EAAAADAQABAAABAQDPip8eDEW5NJmUukYIYsx/E7r25ukpC4VJImAMfulm33plORBVeubvO+BBzxxLAmiIpRbbOG7B//qtIVHg0XnePNh4Lw4S/ZNn/IVQeor4q5bIE25wXtkHgOVXnI6VDzs0pYqr1t65RIViQ8G0EfC2ER7howvQABm/XoYygYKUdj1OZBh1hkCslu12lk0ZwT0sO4a/ECKCUukHAelLJC9QGrqNNv9WVXOuzsT/ziC5ZbVFepsBbdvNDLfOqvYg8L+ykE06Kjze9KMxDXQ53PWuYUQU2byK2TckPx137HJoT5+dg1gFEZ8rWQeAaGCeaBrlpd1C4boUr4b3S6VYDaoV root@ubuntu-xenial
-----END SSH HOST KEY KEYS-----
[   21.129802] cloud-init[1732]: Cloud-init v. 19.1-1-gbaa47854-0ubuntu1~16.04.1 running 'modules:final' at Tue, 30 Jul 2019 11:26:12 +0000. Up 20.90 seconds.
[   21.129957] cloud-init[1732]: ci-info: no authorized ssh keys fingerprints found for user ubuntu.
[   21.130357] cloud-init[1732]: Cloud-init v. 19.1-1-gbaa47854-0ubuntu1~16.04.1 finished at Tue, 30 Jul 2019 11:26:13 +0000. Datasource DataSourceNoCloud [seed=/dev/sdb][dsmode=net].  Up 21.12 seconds
